<?xml version="1.0" encoding="UTF-8"?>
<!-- Generated by org.testng.reporters.JUnitReportReporter -->
<testsuite hostname="LAPTOP-U6N7CFLI" name="testngFiles2.Annot2" tests="2" failures="0" timestamp="16 Apr 2017 06:18:54 GMT" time="0.001" errors="0">
  <testcase name="CodechangecheckJenkin" time="0.001" classname="testngFiles2.Annot2"/>
  <testcase name="NewTestForJenkin" time="0.000" classname="testngFiles2.Annot2"/>
</testsuite>
