<?xml version="1.0" encoding="UTF-8"?>
<!-- Generated by org.testng.reporters.JUnitReportReporter -->
<testsuite hostname="LAPTOP-U6N7CFLI" name="PackTwo.Annotations" tests="3" failures="0" timestamp="16 Apr 2017 06:18:54 GMT" time="0.002" errors="0">
  <testcase name="FlightCancel" time="0.001" classname="PackTwo.Annotations"/>
  <testcase name="AOpeningBrowser" time="0.000" classname="PackTwo.Annotations"/>
  <testcase name="FlightBooking" time="0.001" classname="PackTwo.Annotations"/>
</testsuite>
